2024-08-05 00:53:29,307 - INFO - Установлена ширина: 5
2024-08-05 00:53:29,308 - INFO - Установлена высота: 10
2024-08-05 00:53:29,308 - INFO - Создан прямоугольник со сторонами 5 и 10
2024-08-05 00:53:29,308 - INFO - Установлена ширина: 3
2024-08-05 00:53:29,308 - INFO - Установлена высота: 6
2024-08-05 00:53:29,308 - INFO - Создан прямоугольник со сторонами 3 и 6
2024-08-05 00:53:29,308 - INFO - Периметр прямоугольника со сторонами 5 и 10 = 30
2024-08-05 00:53:29,309 - INFO - Площадь прямоугольника со сторонами 5 и 10 = 50
2024-08-05 00:53:29,309 - INFO - Периметр прямоугольника со сторонами 3 и 6 = 18
2024-08-05 00:53:29,309 - INFO - Площадь прямоугольника со сторонами 3 и 6 = 18
2024-08-05 00:53:29,309 - INFO - Площадь прямоугольника со сторонами 5 и 10 = 50
2024-08-05 00:53:29,309 - INFO - Площадь прямоугольника со сторонами 3 и 6 = 18
2024-08-05 00:53:29,309 - INFO - Сравнение прямоугольник со сторонами 5 и 10 < прямоугольник со сторонами 3 и 6: False
2024-08-05 00:53:29,309 - INFO - Площадь прямоугольника со сторонами 5 и 10 = 50
2024-08-05 00:53:29,310 - INFO - Площадь прямоугольника со сторонами 3 и 6 = 18
2024-08-05 00:53:29,310 - INFO - Сравнение прямоугольник со сторонами 5 и 10 == прямоугольник со сторонами 3 и 6: False
2024-08-05 00:53:29,310 - INFO - Площадь прямоугольника со сторонами 3 и 6 = 18
2024-08-05 00:53:29,310 - INFO - Площадь прямоугольника со сторонами 5 и 10 = 50
2024-08-05 00:53:29,310 - INFO - Сравнение прямоугольник со сторонами 3 и 6 < прямоугольник со сторонами 5 и 10: True
2024-08-05 00:53:29,310 - INFO - Сложение прямоугольник со сторонами 5 и 10 и прямоугольник со сторонами 3 и 6: новый прямоугольник с шириной 8 и высотой 16
2024-08-05 00:53:29,310 - INFO - Установлена ширина: 8
2024-08-05 00:53:29,311 - INFO - Установлена высота: 16
2024-08-05 00:53:29,311 - INFO - Создан прямоугольник со сторонами 8 и 16
2024-08-05 00:53:29,311 - INFO - Периметр прямоугольника со сторонами 8 и 16 = 48
2024-08-05 00:53:29,311 - INFO - Площадь прямоугольника со сторонами 8 и 16 = 128
2024-08-05 00:53:29,311 - INFO - Вычитание прямоугольник со сторонами 5 и 10 и прямоугольник со сторонами 3 и 6: новый прямоугольник с шириной 2 и высотой 4
2024-08-05 00:53:29,311 - INFO - Установлена ширина: 2
2024-08-05 00:53:29,311 - INFO - Установлена высота: 4
2024-08-05 00:53:29,311 - INFO - Создан прямоугольник со сторонами 2 и 4
2024-08-05 00:53:29,311 - INFO - Периметр прямоугольника со сторонами 2 и 4 = 12
2024-08-05 00:53:29,312 - INFO - Площадь прямоугольника со сторонами 2 и 4 = 8
